2021-04-21 16:31:26,366 [Worker-2: Loading available Gradle versions] INFO  o.e.b.c.i.u.g.PublishedGradleVersions - Gradle version information cache is up-to-date. Trying to read.
2021-04-21 16:42:48,070 [Worker-18: Update Maven projects configuration] INFO  o.e.m.c.i.p.ProjectConfigurationManager - Update started
2021-04-21 16:42:50,111 [Worker-18: Update Maven projects configuration] INFO  o.e.m.c.i.l.LifecycleMappingFactory - Using org.eclipse.m2e.jdt.JarLifecycleMapping lifecycle mapping for MavenProject: org.innox:service:1.0-SNAPSHOT @ C:\Users\INNOX-002\git\language-study\LanguageStudy\study-service\pom.xml.
2021-04-21 16:42:51,528 [DefaultMetadataResolver-0-0] INFO  o.e.m.c.i.e.AbstractTransferListenerAdapter - Downloaded https://repo.spring.io/libs-snapshot/org/innox/domain/1.0-SNAPSHOT/maven-metadata.xml
2021-04-21 16:42:52,914 [DefaultMetadataResolver-0-1] INFO  o.e.m.c.i.e.AbstractTransferListenerAdapter - Downloaded https://oss.sonatype.org/content/groups/public/org/innox/domain/1.0-SNAPSHOT/maven-metadata.xml
2021-04-21 16:42:52,918 [Worker-18: Update Maven projects configuration] WARN  o.e.m.c.i.embedder.EclipseLogger - Could not transfer metadata org.innox:domain:1.0-SNAPSHOT/maven-metadata.xml from/to spring-snapshots (https://repo.spring.io/libs-snapshot): Access denied to https://repo.spring.io/libs-snapshot/org/innox/domain/1.0-SNAPSHOT/maven-metadata.xml. Error code 401, 
2021-04-21 16:42:52,923 [Worker-18: Update Maven projects configuration] WARN  o.e.m.c.i.embedder.EclipseLogger - Failure to transfer org.innox:domain:1.0-SNAPSHOT/maven-metadata.xml from https://repo.spring.io/libs-snapshot was cached in the local repository, resolution will not be reattempted until the update interval of spring-snapshots has elapsed or updates are forced. Original error: Could not transfer metadata org.innox:domain:1.0-SNAPSHOT/maven-metadata.xml from/to spring-snapshots (https://repo.spring.io/libs-snapshot): Access denied to https://repo.spring.io/libs-snapshot/org/innox/domain/1.0-SNAPSHOT/maven-metadata.xml. Error code 401, 
2021-04-21 16:42:53,222 [Worker-18: Update Maven projects configuration] INFO  o.e.m.c.i.e.AbstractTransferListenerAdapter - Downloaded https://repo.spring.io/libs-snapshot/org/innox/domain/1.0-SNAPSHOT/domain-1.0-SNAPSHOT.pom
2021-04-21 16:42:53,529 [Worker-18: Update Maven projects configuration] INFO  o.e.m.c.i.e.AbstractTransferListenerAdapter - Downloaded https://oss.sonatype.org/content/groups/public/org/innox/domain/1.0-SNAPSHOT/domain-1.0-SNAPSHOT.pom
2021-04-21 16:42:53,541 [Worker-18: Update Maven projects configuration] WARN  o.e.m.c.i.embedder.EclipseLogger - Failure to transfer org.innox:common:1.0-SNAPSHOT/maven-metadata.xml from https://repo.spring.io/libs-snapshot was cached in the local repository, resolution will not be reattempted until the update interval of spring-snapshots has elapsed or updates are forced. Original error: Could not transfer metadata org.innox:common:1.0-SNAPSHOT/maven-metadata.xml from/to spring-snapshots (https://repo.spring.io/libs-snapshot): Access denied to https://repo.spring.io/libs-snapshot/org/innox/common/1.0-SNAPSHOT/maven-metadata.xml. Error code 401, 
2021-04-21 16:42:53,551 [Worker-18: Update Maven projects configuration] WARN  o.e.m.c.i.embedder.EclipseLogger - Failure to transfer org.innox:common:1.0-SNAPSHOT/maven-metadata.xml from https://repo.spring.io/libs-snapshot was cached in the local repository, resolution will not be reattempted until the update interval of spring-snapshots has elapsed or updates are forced. Original error: Could not transfer metadata org.innox:common:1.0-SNAPSHOT/maven-metadata.xml from/to spring-snapshots (https://repo.spring.io/libs-snapshot): Access denied to https://repo.spring.io/libs-snapshot/org/innox/common/1.0-SNAPSHOT/maven-metadata.xml. Error code 401, 
2021-04-21 16:42:55,128 [Worker-18: Update Maven projects configuration] INFO  o.e.m.j.i.AbstractJavaProjectConfigurator - Adding source folder /study-service/src/main/java
2021-04-21 16:42:55,129 [Worker-18: Update Maven projects configuration] INFO  o.e.m.j.i.AbstractJavaProjectConfigurator - Adding source folder /study-service/src/test/java
2021-04-21 16:42:56,222 [Worker-13: Download sources and javadoc] WARN  o.e.m.c.i.embedder.EclipseLogger - Failure to transfer org.innox:domain:1.0-SNAPSHOT/maven-metadata.xml from https://repo.spring.io/libs-snapshot was cached in the local repository, resolution will not be reattempted until the update interval of spring-snapshots has elapsed or updates are forced. Original error: Could not transfer metadata org.innox:domain:1.0-SNAPSHOT/maven-metadata.xml from/to spring-snapshots (https://repo.spring.io/libs-snapshot): Access denied to https://repo.spring.io/libs-snapshot/org/innox/domain/1.0-SNAPSHOT/maven-metadata.xml. Error code 401, 
2021-04-21 16:42:56,227 [Worker-13: Download sources and javadoc] WARN  o.e.m.c.i.embedder.EclipseLogger - Failure to transfer org.innox:domain:1.0-SNAPSHOT/maven-metadata.xml from https://repo.spring.io/libs-snapshot was cached in the local repository, resolution will not be reattempted until the update interval of spring-snapshots has elapsed or updates are forced. Original error: Could not transfer metadata org.innox:domain:1.0-SNAPSHOT/maven-metadata.xml from/to spring-snapshots (https://repo.spring.io/libs-snapshot): Access denied to https://repo.spring.io/libs-snapshot/org/innox/domain/1.0-SNAPSHOT/maven-metadata.xml. Error code 401, 
2021-04-21 16:42:56,233 [Worker-13: Download sources and javadoc] WARN  o.e.m.c.i.embedder.EclipseLogger - Failure to transfer org.innox:common:1.0-SNAPSHOT/maven-metadata.xml from https://repo.spring.io/libs-snapshot was cached in the local repository, resolution will not be reattempted until the update interval of spring-snapshots has elapsed or updates are forced. Original error: Could not transfer metadata org.innox:common:1.0-SNAPSHOT/maven-metadata.xml from/to spring-snapshots (https://repo.spring.io/libs-snapshot): Access denied to https://repo.spring.io/libs-snapshot/org/innox/common/1.0-SNAPSHOT/maven-metadata.xml. Error code 401, 
2021-04-21 16:42:56,238 [Worker-13: Download sources and javadoc] WARN  o.e.m.c.i.embedder.EclipseLogger - Failure to transfer org.innox:common:1.0-SNAPSHOT/maven-metadata.xml from https://repo.spring.io/libs-snapshot was cached in the local repository, resolution will not be reattempted until the update interval of spring-snapshots has elapsed or updates are forced. Original error: Could not transfer metadata org.innox:common:1.0-SNAPSHOT/maven-metadata.xml from/to spring-snapshots (https://repo.spring.io/libs-snapshot): Access denied to https://repo.spring.io/libs-snapshot/org/innox/common/1.0-SNAPSHOT/maven-metadata.xml. Error code 401, 
2021-04-21 16:42:56,305 [Worker-13: Download sources and javadoc] WARN  o.e.m.c.i.embedder.EclipseLogger - Failure to transfer org.innox:domain:1.0-SNAPSHOT/maven-metadata.xml from https://repo.spring.io/libs-snapshot was cached in the local repository, resolution will not be reattempted until the update interval of spring-snapshots has elapsed or updates are forced. Original error: Could not transfer metadata org.innox:domain:1.0-SNAPSHOT/maven-metadata.xml from/to spring-snapshots (https://repo.spring.io/libs-snapshot): Access denied to https://repo.spring.io/libs-snapshot/org/innox/domain/1.0-SNAPSHOT/maven-metadata.xml. Error code 401, 
2021-04-21 16:42:56,472 [Worker-9: Building] INFO  o.e.m.c.i.l.LifecycleMappingFactory - Using org.eclipse.m2e.jdt.JarLifecycleMapping lifecycle mapping for MavenProject: org.innox:service:1.0-SNAPSHOT @ C:\Users\INNOX-002\git\language-study\LanguageStudy\study-service\pom.xml.
2021-04-21 16:42:56,477 [Worker-9: Building] WARN  o.e.m.c.i.embedder.EclipseLogger - Failure to transfer org.innox:domain:1.0-SNAPSHOT/maven-metadata.xml from https://repo.spring.io/libs-snapshot was cached in the local repository, resolution will not be reattempted until the update interval of spring-snapshots has elapsed or updates are forced. Original error: Could not transfer metadata org.innox:domain:1.0-SNAPSHOT/maven-metadata.xml from/to spring-snapshots (https://repo.spring.io/libs-snapshot): Access denied to https://repo.spring.io/libs-snapshot/org/innox/domain/1.0-SNAPSHOT/maven-metadata.xml. Error code 401, 
2021-04-21 16:42:56,481 [Worker-9: Building] WARN  o.e.m.c.i.embedder.EclipseLogger - Failure to transfer org.innox:domain:1.0-SNAPSHOT/maven-metadata.xml from https://repo.spring.io/libs-snapshot was cached in the local repository, resolution will not be reattempted until the update interval of spring-snapshots has elapsed or updates are forced. Original error: Could not transfer metadata org.innox:domain:1.0-SNAPSHOT/maven-metadata.xml from/to spring-snapshots (https://repo.spring.io/libs-snapshot): Access denied to https://repo.spring.io/libs-snapshot/org/innox/domain/1.0-SNAPSHOT/maven-metadata.xml. Error code 401, 
2021-04-21 16:42:56,488 [Worker-9: Building] WARN  o.e.m.c.i.embedder.EclipseLogger - Failure to transfer org.innox:common:1.0-SNAPSHOT/maven-metadata.xml from https://repo.spring.io/libs-snapshot was cached in the local repository, resolution will not be reattempted until the update interval of spring-snapshots has elapsed or updates are forced. Original error: Could not transfer metadata org.innox:common:1.0-SNAPSHOT/maven-metadata.xml from/to spring-snapshots (https://repo.spring.io/libs-snapshot): Access denied to https://repo.spring.io/libs-snapshot/org/innox/common/1.0-SNAPSHOT/maven-metadata.xml. Error code 401, 
2021-04-21 16:42:56,492 [Worker-9: Building] WARN  o.e.m.c.i.embedder.EclipseLogger - Failure to transfer org.innox:common:1.0-SNAPSHOT/maven-metadata.xml from https://repo.spring.io/libs-snapshot was cached in the local repository, resolution will not be reattempted until the update interval of spring-snapshots has elapsed or updates are forced. Original error: Could not transfer metadata org.innox:common:1.0-SNAPSHOT/maven-metadata.xml from/to spring-snapshots (https://repo.spring.io/libs-snapshot): Access denied to https://repo.spring.io/libs-snapshot/org/innox/common/1.0-SNAPSHOT/maven-metadata.xml. Error code 401, 
2021-04-21 16:42:56,916 [Worker-13: Download sources and javadoc] INFO  o.e.m.c.i.e.AbstractTransferListenerAdapter - Downloaded https://repo.spring.io/libs-snapshot/org/innox/domain/1.0-SNAPSHOT/domain-1.0-SNAPSHOT-sources.jar
2021-04-21 16:42:56,953 [Worker-9: Building] INFO  o.e.m.c.i.l.LifecycleMappingFactory - Using NULL lifecycle mapping for MavenProject: org.innox:language-study:1.0-SNAPSHOT @ C:\Users\INNOX-002\git\language-study\LanguageStudy\pom.xml.
2021-04-21 16:42:57,117 [Worker-9: Building] INFO  o.e.m.c.i.l.LifecycleMappingFactory - Using org.eclipse.m2e.jdt.JarLifecycleMapping lifecycle mapping for MavenProject: org.innox:service:1.0-SNAPSHOT @ C:\Users\INNOX-002\git\language-study\LanguageStudy\study-service\pom.xml.
2021-04-21 16:42:57,702 [AetherRepositoryConnector-repo.spring.io-1-0] INFO  o.e.m.c.i.e.AbstractTransferListenerAdapter - Downloaded https://repo.spring.io/libs-snapshot/org/innox/domain/1.0-SNAPSHOT/domain-1.0-SNAPSHOT.jar
2021-04-21 16:42:57,829 [AetherRepositoryConnector-repo.spring.io-1-1] INFO  o.e.m.c.i.e.AbstractTransferListenerAdapter - Downloaded https://repo.spring.io/libs-snapshot/org/innox/common/1.0-SNAPSHOT/common-1.0-SNAPSHOT.jar
2021-04-21 16:42:59,570 [AetherRepositoryConnector-oss.sonatype.org-2-1] INFO  o.e.m.c.i.e.AbstractTransferListenerAdapter - Downloaded https://oss.sonatype.org/content/groups/public/org/innox/common/1.0-SNAPSHOT/common-1.0-SNAPSHOT.jar
2021-04-21 16:42:59,571 [AetherRepositoryConnector-oss.sonatype.org-2-0] INFO  o.e.m.c.i.e.AbstractTransferListenerAdapter - Downloaded https://oss.sonatype.org/content/groups/public/org/innox/domain/1.0-SNAPSHOT/domain-1.0-SNAPSHOT.jar
2021-04-21 16:42:59,882 [Worker-13: Download sources and javadoc] INFO  o.e.m.c.i.e.AbstractTransferListenerAdapter - Downloaded https://oss.sonatype.org/content/groups/public/org/innox/domain/1.0-SNAPSHOT/domain-1.0-SNAPSHOT-sources.jar
2021-04-21 16:42:59,889 [Worker-13: Download sources and javadoc] ERROR o.e.m.j.internal.DownloadSourcesJob - Could not download sources for org.innox:domain:1.0-SNAPSHOT
org.eclipse.core.runtime.CoreException: Could not resolve artifact org.innox:domain:jar:sources:1.0-SNAPSHOT
	at org.eclipse.m2e.core.internal.embedder.MavenImpl.lambda$4(MavenImpl.java:804)
	at org.eclipse.m2e.core.internal.embedder.MavenExecutionContext.executeBare(MavenExecutionContext.java:179)
	at org.eclipse.m2e.core.internal.embedder.MavenExecutionContext.execute(MavenExecutionContext.java:114)
	at org.eclipse.m2e.core.internal.embedder.MavenExecutionContext.execute(MavenExecutionContext.java:101)
	at org.eclipse.m2e.core.internal.embedder.MavenImpl.resolve(MavenImpl.java:772)
	at org.eclipse.m2e.core.internal.embedder.MavenImpl.resolve(MavenImpl.java:749)
	at org.eclipse.m2e.jdt.internal.DownloadSourcesJob.download(DownloadSourcesJob.java:330)
	at org.eclipse.m2e.jdt.internal.DownloadSourcesJob.downloadAttachments(DownloadSourcesJob.java:304)
	at org.eclipse.m2e.jdt.internal.DownloadSourcesJob.downloadMaven(DownloadSourcesJob.java:269)
	at org.eclipse.m2e.jdt.internal.DownloadSourcesJob.downloadFilesAndPopulateToUpdate(DownloadSourcesJob.java:233)
	at org.eclipse.m2e.jdt.internal.DownloadSourcesJob.lambda$0(DownloadSourcesJob.java:161)
	at org.eclipse.m2e.core.internal.embedder.MavenExecutionContext.executeBare(MavenExecutionContext.java:179)
	at org.eclipse.m2e.core.internal.embedder.MavenExecutionContext.execute(MavenExecutionContext.java:153)
	at org.eclipse.m2e.core.internal.embedder.MavenExecutionContext.execute(MavenExecutionContext.java:101)
	at org.eclipse.m2e.core.internal.embedder.MavenImpl.execute(MavenImpl.java:1374)
	at org.eclipse.m2e.jdt.internal.DownloadSourcesJob.run(DownloadSourcesJob.java:161)
	at org.eclipse.core.internal.jobs.Worker.run(Worker.java:63)
2021-04-21 16:43:00,363 [Worker-13: Download sources and javadoc] WARN  o.e.m.c.i.embedder.EclipseLogger - Failure to transfer org.innox:domain:1.0-SNAPSHOT/maven-metadata.xml from https://repo.spring.io/libs-snapshot was cached in the local repository, resolution will not be reattempted until the update interval of spring-snapshots has elapsed or updates are forced. Original error: Could not transfer metadata org.innox:domain:1.0-SNAPSHOT/maven-metadata.xml from/to spring-snapshots (https://repo.spring.io/libs-snapshot): Access denied to https://repo.spring.io/libs-snapshot/org/innox/domain/1.0-SNAPSHOT/maven-metadata.xml. Error code 401, 
2021-04-21 16:43:00,370 [Worker-13: Download sources and javadoc] WARN  o.e.m.c.i.embedder.EclipseLogger - Failure to transfer org.innox:domain:1.0-SNAPSHOT/maven-metadata.xml from https://repo.spring.io/libs-snapshot was cached in the local repository, resolution will not be reattempted until the update interval of spring-snapshots has elapsed or updates are forced. Original error: Could not transfer metadata org.innox:domain:1.0-SNAPSHOT/maven-metadata.xml from/to spring-snapshots (https://repo.spring.io/libs-snapshot): Access denied to https://repo.spring.io/libs-snapshot/org/innox/domain/1.0-SNAPSHOT/maven-metadata.xml. Error code 401, 
2021-04-21 16:43:00,377 [Worker-13: Download sources and javadoc] WARN  o.e.m.c.i.embedder.EclipseLogger - Failure to transfer org.innox:common:1.0-SNAPSHOT/maven-metadata.xml from https://repo.spring.io/libs-snapshot was cached in the local repository, resolution will not be reattempted until the update interval of spring-snapshots has elapsed or updates are forced. Original error: Could not transfer metadata org.innox:common:1.0-SNAPSHOT/maven-metadata.xml from/to spring-snapshots (https://repo.spring.io/libs-snapshot): Access denied to https://repo.spring.io/libs-snapshot/org/innox/common/1.0-SNAPSHOT/maven-metadata.xml. Error code 401, 
2021-04-21 16:43:00,382 [Worker-13: Download sources and javadoc] WARN  o.e.m.c.i.embedder.EclipseLogger - Failure to transfer org.innox:common:1.0-SNAPSHOT/maven-metadata.xml from https://repo.spring.io/libs-snapshot was cached in the local repository, resolution will not be reattempted until the update interval of spring-snapshots has elapsed or updates are forced. Original error: Could not transfer metadata org.innox:common:1.0-SNAPSHOT/maven-metadata.xml from/to spring-snapshots (https://repo.spring.io/libs-snapshot): Access denied to https://repo.spring.io/libs-snapshot/org/innox/common/1.0-SNAPSHOT/maven-metadata.xml. Error code 401, 
2021-04-21 16:43:00,398 [Worker-13: Download sources and javadoc] WARN  o.e.m.c.i.embedder.EclipseLogger - Failure to transfer org.innox:common:1.0-SNAPSHOT/maven-metadata.xml from https://repo.spring.io/libs-snapshot was cached in the local repository, resolution will not be reattempted until the update interval of spring-snapshots has elapsed or updates are forced. Original error: Could not transfer metadata org.innox:common:1.0-SNAPSHOT/maven-metadata.xml from/to spring-snapshots (https://repo.spring.io/libs-snapshot): Access denied to https://repo.spring.io/libs-snapshot/org/innox/common/1.0-SNAPSHOT/maven-metadata.xml. Error code 401, 
2021-04-21 16:43:01,104 [Worker-13: Download sources and javadoc] INFO  o.e.m.c.i.e.AbstractTransferListenerAdapter - Downloaded https://repo.spring.io/libs-snapshot/org/innox/common/1.0-SNAPSHOT/common-1.0-SNAPSHOT-sources.jar
2021-04-21 16:43:01,221 [Worker-18: Update Maven projects configuration] INFO  o.e.m.c.i.p.ProjectConfigurationManager - Update completed: 13 sec
2021-04-21 16:43:01,225 [Worker-18: Update Maven projects configuration] INFO  o.e.m.c.i.p.ProjectConfigurationManager - Update started
2021-04-21 16:43:01,887 [Worker-18: Update Maven projects configuration] INFO  o.e.m.c.i.l.LifecycleMappingFactory - Using org.eclipse.m2e.jdt.JarLifecycleMapping lifecycle mapping for MavenProject: org.innox:service:1.0-SNAPSHOT @ C:\Users\INNOX-002\git\language-study\LanguageStudy\study-service\pom.xml.
2021-04-21 16:43:02,148 [Worker-18: Update Maven projects configuration] INFO  o.e.m.c.i.p.WorkspaceClassifierResolverManager - Resolving P/study-domain: org.innox:domain:1.0-SNAPSHOT with classifier  to /study-domain/target/classes
2021-04-21 16:43:02,150 [Worker-18: Update Maven projects configuration] INFO  o.e.m.c.i.p.WorkspaceClassifierResolverManager - Resolving P/study-common: org.innox:common:1.0-SNAPSHOT with classifier  to /study-common/target/classes
2021-04-21 16:43:02,307 [Worker-18: Update Maven projects configuration] INFO  o.e.m.c.i.l.LifecycleMappingFactory - Using org.eclipse.m2e.jdt.JarLifecycleMapping lifecycle mapping for MavenProject: org.innox:web:0.0.1-SNAPSHOT @ C:\Users\INNOX-002\git\language-study\LanguageStudy\study-web\pom.xml.
2021-04-21 16:43:02,487 [Worker-18: Update Maven projects configuration] INFO  o.e.m.c.i.p.WorkspaceClassifierResolverManager - Resolving P/study-service: org.innox:service:1.0-SNAPSHOT with classifier  to /study-service/target/classes
2021-04-21 16:43:02,487 [Worker-18: Update Maven projects configuration] INFO  o.e.m.c.i.p.WorkspaceClassifierResolverManager - Resolving P/study-domain: org.innox:domain:1.0-SNAPSHOT with classifier  to /study-domain/target/classes
2021-04-21 16:43:02,488 [Worker-18: Update Maven projects configuration] INFO  o.e.m.c.i.p.WorkspaceClassifierResolverManager - Resolving P/study-common: org.innox:common:1.0-SNAPSHOT with classifier  to /study-common/target/classes
2021-04-21 16:43:02,546 [Worker-18: Update Maven projects configuration] INFO  o.e.m.c.i.l.LifecycleMappingFactory - Using NULL lifecycle mapping for MavenProject: org.innox:language-study:1.0-SNAPSHOT @ C:\Users\INNOX-002\git\language-study\LanguageStudy\pom.xml.
2021-04-21 16:43:02,716 [Worker-18: Update Maven projects configuration] INFO  o.e.m.c.i.l.LifecycleMappingFactory - Using org.eclipse.m2e.jdt.JarLifecycleMapping lifecycle mapping for MavenProject: org.innox:domain:1.0-SNAPSHOT @ C:\Users\INNOX-002\git\language-study\LanguageStudy\study-domain\pom.xml.
2021-04-21 16:43:02,747 [Worker-18: Update Maven projects configuration] INFO  o.e.m.c.i.p.WorkspaceClassifierResolverManager - Resolving P/study-common: org.innox:common:1.0-SNAPSHOT with classifier  to /study-common/target/classes
2021-04-21 16:43:02,867 [Worker-18: Update Maven projects configuration] INFO  o.e.m.c.i.l.LifecycleMappingFactory - Using org.eclipse.m2e.jdt.JarLifecycleMapping lifecycle mapping for MavenProject: org.innox:common:1.0-SNAPSHOT @ C:\Users\INNOX-002\git\language-study\LanguageStudy\study-common\pom.xml.
2021-04-21 16:43:02,951 [Worker-13: Download sources and javadoc] INFO  o.e.m.c.i.e.AbstractTransferListenerAdapter - Downloaded https://oss.sonatype.org/content/groups/public/org/innox/common/1.0-SNAPSHOT/common-1.0-SNAPSHOT-sources.jar
2021-04-21 16:43:02,957 [Worker-13: Download sources and javadoc] ERROR o.e.m.j.internal.DownloadSourcesJob - Could not download sources for org.innox:common:1.0-SNAPSHOT
org.eclipse.core.runtime.CoreException: Could not resolve artifact org.innox:common:jar:sources:1.0-SNAPSHOT
	at org.eclipse.m2e.core.internal.embedder.MavenImpl.lambda$4(MavenImpl.java:804)
	at org.eclipse.m2e.core.internal.embedder.MavenExecutionContext.executeBare(MavenExecutionContext.java:179)
	at org.eclipse.m2e.core.internal.embedder.MavenExecutionContext.execute(MavenExecutionContext.java:114)
	at org.eclipse.m2e.core.internal.embedder.MavenExecutionContext.execute(MavenExecutionContext.java:101)
	at org.eclipse.m2e.core.internal.embedder.MavenImpl.resolve(MavenImpl.java:772)
	at org.eclipse.m2e.core.internal.embedder.MavenImpl.resolve(MavenImpl.java:749)
	at org.eclipse.m2e.jdt.internal.DownloadSourcesJob.download(DownloadSourcesJob.java:330)
	at org.eclipse.m2e.jdt.internal.DownloadSourcesJob.downloadAttachments(DownloadSourcesJob.java:304)
	at org.eclipse.m2e.jdt.internal.DownloadSourcesJob.downloadMaven(DownloadSourcesJob.java:269)
	at org.eclipse.m2e.jdt.internal.DownloadSourcesJob.downloadFilesAndPopulateToUpdate(DownloadSourcesJob.java:233)
	at org.eclipse.m2e.jdt.internal.DownloadSourcesJob.lambda$0(DownloadSourcesJob.java:161)
	at org.eclipse.m2e.core.internal.embedder.MavenExecutionContext.executeBare(MavenExecutionContext.java:179)
	at org.eclipse.m2e.core.internal.embedder.MavenExecutionContext.execute(MavenExecutionContext.java:153)
	at org.eclipse.m2e.core.internal.embedder.MavenExecutionContext.execute(MavenExecutionContext.java:101)
	at org.eclipse.m2e.core.internal.embedder.MavenImpl.execute(MavenImpl.java:1374)
	at org.eclipse.m2e.jdt.internal.DownloadSourcesJob.run(DownloadSourcesJob.java:161)
	at org.eclipse.core.internal.jobs.Worker.run(Worker.java:63)
2021-04-21 16:43:03,011 [Worker-18: Update Maven projects configuration] INFO  o.e.m.c.i.l.LifecycleMappingFactory - Using org.eclipse.m2e.jdt.JarLifecycleMapping lifecycle mapping for MavenProject: org.innox:service:1.0-SNAPSHOT @ C:\Users\INNOX-002\git\language-study\LanguageStudy\study-service\pom.xml.
2021-04-21 16:43:03,017 [Worker-18: Update Maven projects configuration] INFO  o.e.m.c.i.p.WorkspaceClassifierResolverManager - Resolving P/study-domain: org.innox:domain:1.0-SNAPSHOT with classifier  to /study-domain/target/classes
2021-04-21 16:43:03,019 [Worker-18: Update Maven projects configuration] INFO  o.e.m.c.i.p.WorkspaceClassifierResolverManager - Resolving P/study-common: org.innox:common:1.0-SNAPSHOT with classifier  to /study-common/target/classes
2021-04-21 16:43:03,185 [Worker-18: Update Maven projects configuration] INFO  o.e.m.c.i.l.LifecycleMappingFactory - Using org.eclipse.m2e.jdt.JarLifecycleMapping lifecycle mapping for MavenProject: org.innox:web:0.0.1-SNAPSHOT @ C:\Users\INNOX-002\git\language-study\LanguageStudy\study-web\pom.xml.
2021-04-21 16:43:03,197 [Worker-18: Update Maven projects configuration] INFO  o.e.m.c.i.p.WorkspaceClassifierResolverManager - Resolving P/study-service: org.innox:service:1.0-SNAPSHOT with classifier  to /study-service/target/classes
2021-04-21 16:43:03,197 [Worker-18: Update Maven projects configuration] INFO  o.e.m.c.i.p.WorkspaceClassifierResolverManager - Resolving P/study-domain: org.innox:domain:1.0-SNAPSHOT with classifier  to /study-domain/target/classes
2021-04-21 16:43:03,199 [Worker-18: Update Maven projects configuration] INFO  o.e.m.c.i.p.WorkspaceClassifierResolverManager - Resolving P/study-common: org.innox:common:1.0-SNAPSHOT with classifier  to /study-common/target/classes
2021-04-21 16:43:03,344 [Worker-13: Download sources and javadoc] WARN  o.e.m.c.i.embedder.EclipseLogger - Failure to transfer org.innox:domain:1.0-SNAPSHOT/maven-metadata.xml from https://repo.spring.io/libs-snapshot was cached in the local repository, resolution will not be reattempted until the update interval of spring-snapshots has elapsed or updates are forced. Original error: Could not transfer metadata org.innox:domain:1.0-SNAPSHOT/maven-metadata.xml from/to spring-snapshots (https://repo.spring.io/libs-snapshot): Access denied to https://repo.spring.io/libs-snapshot/org/innox/domain/1.0-SNAPSHOT/maven-metadata.xml. Error code 401, 
2021-04-21 16:43:03,349 [Worker-13: Download sources and javadoc] WARN  o.e.m.c.i.embedder.EclipseLogger - Failure to transfer org.innox:domain:1.0-SNAPSHOT/maven-metadata.xml from https://repo.spring.io/libs-snapshot was cached in the local repository, resolution will not be reattempted until the update interval of spring-snapshots has elapsed or updates are forced. Original error: Could not transfer metadata org.innox:domain:1.0-SNAPSHOT/maven-metadata.xml from/to spring-snapshots (https://repo.spring.io/libs-snapshot): Access denied to https://repo.spring.io/libs-snapshot/org/innox/domain/1.0-SNAPSHOT/maven-metadata.xml. Error code 401, 
2021-04-21 16:43:03,357 [Worker-13: Download sources and javadoc] WARN  o.e.m.c.i.embedder.EclipseLogger - Failure to transfer org.innox:common:1.0-SNAPSHOT/maven-metadata.xml from https://repo.spring.io/libs-snapshot was cached in the local repository, resolution will not be reattempted until the update interval of spring-snapshots has elapsed or updates are forced. Original error: Could not transfer metadata org.innox:common:1.0-SNAPSHOT/maven-metadata.xml from/to spring-snapshots (https://repo.spring.io/libs-snapshot): Access denied to https://repo.spring.io/libs-snapshot/org/innox/common/1.0-SNAPSHOT/maven-metadata.xml. Error code 401, 
2021-04-21 16:43:03,365 [Worker-13: Download sources and javadoc] WARN  o.e.m.c.i.embedder.EclipseLogger - Failure to transfer org.innox:common:1.0-SNAPSHOT/maven-metadata.xml from https://repo.spring.io/libs-snapshot was cached in the local repository, resolution will not be reattempted until the update interval of spring-snapshots has elapsed or updates are forced. Original error: Could not transfer metadata org.innox:common:1.0-SNAPSHOT/maven-metadata.xml from/to spring-snapshots (https://repo.spring.io/libs-snapshot): Access denied to https://repo.spring.io/libs-snapshot/org/innox/common/1.0-SNAPSHOT/maven-metadata.xml. Error code 401, 
2021-04-21 16:43:03,381 [Worker-13: Download sources and javadoc] WARN  o.e.m.c.i.embedder.EclipseLogger - Failure to transfer org.innox:domain:1.0-SNAPSHOT/maven-metadata.xml from https://repo.spring.io/libs-snapshot was cached in the local repository, resolution will not be reattempted until the update interval of spring-snapshots has elapsed or updates are forced. Original error: Could not transfer metadata org.innox:domain:1.0-SNAPSHOT/maven-metadata.xml from/to spring-snapshots (https://repo.spring.io/libs-snapshot): Access denied to https://repo.spring.io/libs-snapshot/org/innox/domain/1.0-SNAPSHOT/maven-metadata.xml. Error code 401, 
2021-04-21 16:43:03,415 [Worker-18: Update Maven projects configuration] INFO  o.e.m.c.i.l.LifecycleMappingFactory - Using org.eclipse.m2e.jdt.JarLifecycleMapping lifecycle mapping for MavenProject: org.innox:domain:1.0-SNAPSHOT @ C:\Users\INNOX-002\git\language-study\LanguageStudy\study-domain\pom.xml.
2021-04-21 16:43:03,440 [Worker-18: Update Maven projects configuration] INFO  o.e.m.c.i.p.WorkspaceClassifierResolverManager - Resolving P/study-common: org.innox:common:1.0-SNAPSHOT with classifier  to /study-common/target/classes
2021-04-21 16:43:03,574 [Worker-18: Update Maven projects configuration] INFO  o.e.m.c.i.l.LifecycleMappingFactory - Using org.eclipse.m2e.jdt.JarLifecycleMapping lifecycle mapping for MavenProject: org.innox:service:1.0-SNAPSHOT @ C:\Users\INNOX-002\git\language-study\LanguageStudy\study-service\pom.xml.
2021-04-21 16:43:03,580 [Worker-18: Update Maven projects configuration] INFO  o.e.m.c.i.p.WorkspaceClassifierResolverManager - Resolving P/study-domain: org.innox:domain:1.0-SNAPSHOT with classifier  to /study-domain/target/classes
2021-04-21 16:43:03,581 [Worker-18: Update Maven projects configuration] INFO  o.e.m.c.i.p.WorkspaceClassifierResolverManager - Resolving P/study-common: org.innox:common:1.0-SNAPSHOT with classifier  to /study-common/target/classes
2021-04-21 16:43:03,691 [Worker-18: Update Maven projects configuration] INFO  o.e.m.c.i.l.LifecycleMappingFactory - Using org.eclipse.m2e.jdt.JarLifecycleMapping lifecycle mapping for MavenProject: org.innox:web:0.0.1-SNAPSHOT @ C:\Users\INNOX-002\git\language-study\LanguageStudy\study-web\pom.xml.
2021-04-21 16:43:03,699 [Worker-18: Update Maven projects configuration] INFO  o.e.m.c.i.p.WorkspaceClassifierResolverManager - Resolving P/study-service: org.innox:service:1.0-SNAPSHOT with classifier  to /study-service/target/classes
2021-04-21 16:43:03,700 [Worker-18: Update Maven projects configuration] INFO  o.e.m.c.i.p.WorkspaceClassifierResolverManager - Resolving P/study-domain: org.innox:domain:1.0-SNAPSHOT with classifier  to /study-domain/target/classes
2021-04-21 16:43:03,701 [Worker-18: Update Maven projects configuration] INFO  o.e.m.c.i.p.WorkspaceClassifierResolverManager - Resolving P/study-common: org.innox:common:1.0-SNAPSHOT with classifier  to /study-common/target/classes
2021-04-21 16:43:03,991 [Worker-13: Download sources and javadoc] INFO  o.e.m.c.i.e.AbstractTransferListenerAdapter - Downloaded https://repo.spring.io/libs-snapshot/org/innox/domain/1.0-SNAPSHOT/domain-1.0-SNAPSHOT-javadoc.jar
2021-04-21 16:43:05,575 [Worker-18: Update Maven projects configuration] INFO  o.e.m.j.i.AbstractJavaProjectConfigurator - Adding source folder /study-common/src/main/java
2021-04-21 16:43:05,578 [Worker-18: Update Maven projects configuration] INFO  o.e.m.j.i.AbstractJavaProjectConfigurator - Adding source folder /study-common/src/test/java
2021-04-21 16:43:05,716 [Worker-13: Download sources and javadoc] INFO  o.e.m.c.i.e.AbstractTransferListenerAdapter - Downloaded https://oss.sonatype.org/content/groups/public/org/innox/domain/1.0-SNAPSHOT/domain-1.0-SNAPSHOT-javadoc.jar
2021-04-21 16:43:05,721 [Worker-13: Download sources and javadoc] ERROR o.e.m.j.internal.DownloadSourcesJob - Could not download javadoc for org.innox:domain:1.0-SNAPSHOT
org.eclipse.core.runtime.CoreException: Could not resolve artifact org.innox:domain:jar:javadoc:1.0-SNAPSHOT
	at org.eclipse.m2e.core.internal.embedder.MavenImpl.lambda$4(MavenImpl.java:804)
	at org.eclipse.m2e.core.internal.embedder.MavenExecutionContext.executeBare(MavenExecutionContext.java:179)
	at org.eclipse.m2e.core.internal.embedder.MavenExecutionContext.execute(MavenExecutionContext.java:114)
	at org.eclipse.m2e.core.internal.embedder.MavenExecutionContext.execute(MavenExecutionContext.java:101)
	at org.eclipse.m2e.core.internal.embedder.MavenImpl.resolve(MavenImpl.java:772)
	at org.eclipse.m2e.core.internal.embedder.MavenImpl.resolve(MavenImpl.java:749)
	at org.eclipse.m2e.jdt.internal.DownloadSourcesJob.download(DownloadSourcesJob.java:330)
	at org.eclipse.m2e.jdt.internal.DownloadSourcesJob.downloadAttachments(DownloadSourcesJob.java:316)
	at org.eclipse.m2e.jdt.internal.DownloadSourcesJob.downloadMaven(DownloadSourcesJob.java:269)
	at org.eclipse.m2e.jdt.internal.DownloadSourcesJob.downloadFilesAndPopulateToUpdate(DownloadSourcesJob.java:233)
	at org.eclipse.m2e.jdt.internal.DownloadSourcesJob.lambda$0(DownloadSourcesJob.java:161)
	at org.eclipse.m2e.core.internal.embedder.MavenExecutionContext.executeBare(MavenExecutionContext.java:179)
	at org.eclipse.m2e.core.internal.embedder.MavenExecutionContext.execute(MavenExecutionContext.java:153)
	at org.eclipse.m2e.core.internal.embedder.MavenExecutionContext.execute(MavenExecutionContext.java:101)
	at org.eclipse.m2e.core.internal.embedder.MavenImpl.execute(MavenImpl.java:1374)
	at org.eclipse.m2e.jdt.internal.DownloadSourcesJob.run(DownloadSourcesJob.java:161)
	at org.eclipse.core.internal.jobs.Worker.run(Worker.java:63)
2021-04-21 16:43:06,294 [Worker-13: Download sources and javadoc] INFO  o.e.m.c.i.p.WorkspaceClassifierResolverManager - Resolving P/study-domain: org.innox:domain:1.0-SNAPSHOT with classifier  to /study-domain/target/classes
2021-04-21 16:43:06,295 [Worker-13: Download sources and javadoc] INFO  o.e.m.c.i.p.WorkspaceClassifierResolverManager - Resolving P/study-common: org.innox:common:1.0-SNAPSHOT with classifier  to /study-common/target/classes
2021-04-21 16:43:06,699 [Worker-10: Building] INFO  o.e.m.c.i.embedder.EclipseLogger - Using 'UTF-8' encoding to copy filtered resources.
2021-04-21 16:43:06,699 [Worker-10: Building] INFO  o.e.m.c.i.embedder.EclipseLogger - skip non existing resourceDirectory C:\Users\INNOX-002\git\language-study\LanguageStudy\study-common\src\main\resources
2021-04-21 16:43:06,706 [Worker-10: Building] INFO  o.e.m.c.i.embedder.EclipseLogger - Using 'UTF-8' encoding to copy filtered resources.
2021-04-21 16:43:06,707 [Worker-10: Building] INFO  o.e.m.c.i.embedder.EclipseLogger - skip non existing resourceDirectory C:\Users\INNOX-002\git\language-study\LanguageStudy\study-common\src\test\resources
2021-04-21 16:43:08,386 [Worker-18: Update Maven projects configuration] INFO  o.e.m.j.i.AbstractJavaProjectConfigurator - Adding source folder /study-web/src/main/java
2021-04-21 16:43:08,387 [Worker-18: Update Maven projects configuration] INFO  o.e.m.j.i.AbstractJavaProjectConfigurator - Adding resource folder /study-web/src/main/resources
2021-04-21 16:43:08,417 [Worker-18: Update Maven projects configuration] INFO  o.e.m.j.i.AbstractJavaProjectConfigurator - Adding source folder /study-web/src/test/java
2021-04-21 16:43:08,812 [Worker-17: Building] INFO  o.e.m.c.i.embedder.EclipseLogger - Using 'UTF-8' encoding to copy filtered resources.
2021-04-21 16:43:08,812 [Worker-17: Building] INFO  o.e.m.c.i.embedder.EclipseLogger - skip non existing resourceDirectory C:\Users\INNOX-002\git\language-study\LanguageStudy\study-common\src\main\resources
2021-04-21 16:43:08,814 [Worker-17: Building] INFO  o.e.m.c.i.embedder.EclipseLogger - Using 'UTF-8' encoding to copy filtered resources.
2021-04-21 16:43:08,815 [Worker-17: Building] INFO  o.e.m.c.i.embedder.EclipseLogger - skip non existing resourceDirectory C:\Users\INNOX-002\git\language-study\LanguageStudy\study-common\src\test\resources
2021-04-21 16:43:10,458 [Worker-18: Update Maven projects configuration] INFO  o.e.m.j.i.AbstractJavaProjectConfigurator - Adding source folder /study-domain/src/main/java
2021-04-21 16:43:10,459 [Worker-18: Update Maven projects configuration] INFO  o.e.m.j.i.AbstractJavaProjectConfigurator - Adding resource folder /study-domain/src/main/resources
2021-04-21 16:43:10,474 [Worker-18: Update Maven projects configuration] INFO  o.e.m.j.i.AbstractJavaProjectConfigurator - Adding source folder /study-domain/src/test/java
2021-04-21 16:43:12,240 [Worker-18: Update Maven projects configuration] INFO  o.e.m.j.i.AbstractJavaProjectConfigurator - Adding source folder /study-service/src/main/java
2021-04-21 16:43:12,241 [Worker-18: Update Maven projects configuration] INFO  o.e.m.j.i.AbstractJavaProjectConfigurator - Adding source folder /study-service/src/test/java
2021-04-21 16:43:13,581 [Worker-18: Update Maven projects configuration] INFO  o.e.m.c.i.p.ProjectConfigurationManager - Update completed: 12 sec
2021-04-21 16:43:15,618 [Worker-13: Building] INFO  o.e.m.c.i.p.WorkspaceClassifierResolverManager - Resolving P/study-common: org.innox:common:1.0-SNAPSHOT with classifier  to /study-common/target/classes
2021-04-21 16:43:15,724 [Worker-13: Building] INFO  o.e.m.c.i.embedder.EclipseLogger - Using 'UTF-8' encoding to copy filtered resources.
2021-04-21 16:43:15,729 [Worker-13: Building] INFO  o.e.m.c.i.embedder.EclipseLogger - Copying 1 resource
2021-04-21 16:43:15,748 [Worker-13: Building] INFO  o.e.m.c.i.embedder.EclipseLogger - Using 'UTF-8' encoding to copy filtered resources.
2021-04-21 16:43:15,748 [Worker-13: Building] INFO  o.e.m.c.i.embedder.EclipseLogger - skip non existing resourceDirectory C:\Users\INNOX-002\git\language-study\LanguageStudy\study-domain\src\test\resources
2021-04-21 16:43:15,854 [Worker-13: Building] INFO  o.e.m.c.i.embedder.EclipseLogger - Using 'UTF-8' encoding to copy filtered resources.
2021-04-21 16:43:15,855 [Worker-13: Building] INFO  o.e.m.c.i.embedder.EclipseLogger - skip non existing resourceDirectory C:\Users\INNOX-002\git\language-study\LanguageStudy\study-service\src\main\resources
2021-04-21 16:43:15,857 [Worker-13: Building] INFO  o.e.m.c.i.embedder.EclipseLogger - Using 'UTF-8' encoding to copy filtered resources.
2021-04-21 16:43:15,857 [Worker-13: Building] INFO  o.e.m.c.i.embedder.EclipseLogger - skip non existing resourceDirectory C:\Users\INNOX-002\git\language-study\LanguageStudy\study-service\src\test\resources
2021-04-21 16:43:16,934 [Worker-13: Building] INFO  o.e.m.c.i.p.WorkspaceClassifierResolverManager - Resolving P/study-service: org.innox:service:1.0-SNAPSHOT with classifier  to /study-service/target/classes
2021-04-21 16:43:16,934 [Worker-13: Building] INFO  o.e.m.c.i.p.WorkspaceClassifierResolverManager - Resolving P/study-domain: org.innox:domain:1.0-SNAPSHOT with classifier  to /study-domain/target/classes
2021-04-21 16:43:16,936 [Worker-13: Building] INFO  o.e.m.c.i.p.WorkspaceClassifierResolverManager - Resolving P/study-common: org.innox:common:1.0-SNAPSHOT with classifier  to /study-common/target/classes
2021-04-21 16:43:17,011 [Worker-13: Building] INFO  o.e.m.c.i.embedder.EclipseLogger - Using 'UTF-8' encoding to copy filtered resources.
2021-04-21 16:43:17,012 [Worker-13: Building] INFO  o.e.m.c.i.embedder.EclipseLogger - Copying 1 resource
2021-04-21 16:43:17,017 [Worker-13: Building] INFO  o.e.m.c.i.embedder.EclipseLogger - Using 'UTF-8' encoding to copy filtered resources.
2021-04-21 16:43:17,018 [Worker-13: Building] INFO  o.e.m.c.i.embedder.EclipseLogger - skip non existing resourceDirectory C:\Users\INNOX-002\git\language-study\LanguageStudy\study-web\src\test\resources
2021-04-21 16:43:22,620 [Worker-18: Discover lifecycle mappings] INFO  o.e.m.i.discovery.MavenDiscovery - No lifecyle mapping found at jar:file:/C:/Users/INNOX-~1/AppData/Local/Temp/RemoteBundleDiscoveryStrategy15029720763723827547.tmp/org.eclipse.m2e.discovery.oss_catalog_1.13.jar_4710307403905034401.jar!/lifecycle%2Forg.eclipse.m2e.discovery.lifecyclemapping.m2e-wtp.xml
2021-04-21 16:43:22,621 [Worker-18: Discover lifecycle mappings] WARN  o.e.m.i.discovery.MavenDiscovery - CatalogItem org.eclipse.m2e.discovery.lifecyclemapping.m2e-wtp does not contain lifecycle mapping metadata
2021-04-21 16:43:22,623 [Worker-18: Discover lifecycle mappings] INFO  o.e.m.i.discovery.MavenDiscovery - No lifecyle mapping found at jar:file:/C:/Users/INNOX-~1/AppData/Local/Temp/RemoteBundleDiscoveryStrategy15029720763723827547.tmp/org.eclipse.m2e.discovery.oss_catalog_1.13.jar_4710307403905034401.jar!/lifecycle%2Forg.eclipse.m2e.discovery.lifecyclemapping.m2e-egit.xml
2021-04-21 16:43:22,624 [Worker-18: Discover lifecycle mappings] WARN  o.e.m.i.discovery.MavenDiscovery - CatalogItem org.eclipse.m2e.discovery.lifecyclemapping.m2e-egit does not contain lifecycle mapping metadata
2021-04-21 16:43:22,626 [Worker-18: Discover lifecycle mappings] INFO  o.e.m.i.discovery.MavenDiscovery - No lifecyle mapping found at jar:file:/C:/Users/INNOX-~1/AppData/Local/Temp/RemoteBundleDiscoveryStrategy15029720763723827547.tmp/org.eclipse.m2e.discovery.oss_catalog_1.13.jar_4710307403905034401.jar!/lifecycle%2Forg.eclipse.m2e.discovery.lifecyclemapping.m2e-subversive.xml
2021-04-21 16:43:22,626 [Worker-18: Discover lifecycle mappings] WARN  o.e.m.i.discovery.MavenDiscovery - CatalogItem org.eclipse.m2e.discovery.lifecyclemapping.m2e-subversive does not contain lifecycle mapping metadata
2021-04-21 16:43:22,677 [Worker-18: Discover lifecycle mappings] INFO  o.e.m.i.discovery.MavenDiscovery - No lifecyle mapping found at jar:file:/C:/Users/INNOX-~1/AppData/Local/Temp/RemoteBundleDiscoveryStrategy15029720763723827547.tmp/org.eclipse.m2e.discovery.oss_catalog_1.13.jar_4710307403905034401.jar!/lifecycle%2Forg.eclipse.m2e.discovery.extras.m2e-chromatic.xml
2021-04-21 16:43:22,678 [Worker-18: Discover lifecycle mappings] WARN  o.e.m.i.discovery.MavenDiscovery - CatalogItem org.eclipse.m2e.discovery.extras.m2e-chromatic does not contain lifecycle mapping metadata
2021-04-21 16:49:19,951 [Worker-2: Loading available Gradle versions] INFO  o.e.b.c.i.u.g.PublishedGradleVersions - Gradle version information cache is up-to-date. Trying to read.
2021-04-21 16:49:21,849 [Worker-4: reload maven project] ERROR o.e.m2e.editor.pom.MavenPomEditor - failed to load maven project for org.eclipse.ui.part.FileEditorInput(/study-domain/pom.xml)
org.eclipse.core.runtime.CoreException: Could not read maven project
	at org.eclipse.m2e.core.internal.project.registry.ProjectRegistryManager.readProjectWithDependencies(ProjectRegistryManager.java:850)
	at org.eclipse.m2e.core.internal.project.registry.ProjectRegistryManager.lambda$22(ProjectRegistryManager.java:1069)
	at com.google.common.cache.LocalCache$LocalManualCache$1.load(LocalCache.java:4878)
	at com.google.common.cache.LocalCache$LoadingValueReference.loadFuture(LocalCache.java:3529)
	at com.google.common.cache.LocalCache$Segment.loadSync(LocalCache.java:2278)
	at com.google.common.cache.LocalCache$Segment.lockedGetOrLoad(LocalCache.java:2155)
	at com.google.common.cache.LocalCache$Segment.get(LocalCache.java:2045)
	at com.google.common.cache.LocalCache.get(LocalCache.java:3953)
	at com.google.common.cache.LocalCache$LocalManualCache.get(LocalCache.java:4873)
	at org.eclipse.m2e.core.internal.project.registry.ProjectRegistryManager.getMavenProject(ProjectRegistryManager.java:1068)
	at org.eclipse.m2e.core.internal.project.registry.MavenProjectFacade.getMavenProject(MavenProjectFacade.java:243)
	at org.eclipse.m2e.core.ui.internal.actions.SelectionUtil.getMavenProject(SelectionUtil.java:261)
	at org.eclipse.m2e.editor.pom.MavenPomEditor.readMavenProject(MavenPomEditor.java:634)
	at org.eclipse.m2e.editor.pom.MavenPomEditor$3.run(MavenPomEditor.java:938)
	at org.eclipse.core.internal.jobs.Worker.run(Worker.java:63)
2021-04-21 16:50:05,232 [Worker-1: Loading available Gradle versions] INFO  o.e.b.c.i.u.g.PublishedGradleVersions - Gradle version information cache is up-to-date. Trying to read.
2021-04-21 16:50:06,979 [Worker-5: reload maven project] ERROR o.e.m2e.editor.pom.MavenPomEditor - failed to load maven project for org.eclipse.ui.part.FileEditorInput(/study-domain/pom.xml)
org.eclipse.core.runtime.CoreException: Could not read maven project
	at org.eclipse.m2e.core.internal.project.registry.ProjectRegistryManager.readProjectWithDependencies(ProjectRegistryManager.java:850)
	at org.eclipse.m2e.core.internal.project.registry.ProjectRegistryManager.lambda$22(ProjectRegistryManager.java:1069)
	at com.google.common.cache.LocalCache$LocalManualCache$1.load(LocalCache.java:4878)
	at com.google.common.cache.LocalCache$LoadingValueReference.loadFuture(LocalCache.java:3529)
	at com.google.common.cache.LocalCache$Segment.loadSync(LocalCache.java:2278)
	at com.google.common.cache.LocalCache$Segment.lockedGetOrLoad(LocalCache.java:2155)
	at com.google.common.cache.LocalCache$Segment.get(LocalCache.java:2045)
	at com.google.common.cache.LocalCache.get(LocalCache.java:3953)
	at com.google.common.cache.LocalCache$LocalManualCache.get(LocalCache.java:4873)
	at org.eclipse.m2e.core.internal.project.registry.ProjectRegistryManager.getMavenProject(ProjectRegistryManager.java:1068)
	at org.eclipse.m2e.core.internal.project.registry.MavenProjectFacade.getMavenProject(MavenProjectFacade.java:243)
	at org.eclipse.m2e.core.ui.internal.actions.SelectionUtil.getMavenProject(SelectionUtil.java:261)
	at org.eclipse.m2e.editor.pom.MavenPomEditor.readMavenProject(MavenPomEditor.java:634)
	at org.eclipse.m2e.editor.pom.MavenPomEditor$3.run(MavenPomEditor.java:938)
	at org.eclipse.core.internal.jobs.Worker.run(Worker.java:63)
2021-04-21 16:52:29,933 [Worker-0: Importing Maven projects] ERROR o.e.m.c.i.p.ProjectConfigurationManager - Project study-domain already exists
2021-04-21 16:52:29,962 [Worker-0: Importing Maven projects] ERROR o.e.m.c.i.p.ProjectConfigurationManager - Project study-common already exists
2021-04-21 16:52:29,976 [Worker-0: Importing Maven projects] ERROR o.e.m.c.i.p.ProjectConfigurationManager - Project study-service already exists
2021-04-21 16:52:30,029 [Worker-0: Importing Maven projects] ERROR o.e.m.c.i.p.ProjectConfigurationManager - Project study-web already exists
2021-04-21 16:52:30,056 [Worker-0: Importing Maven projects] INFO  o.e.m.c.i.p.ProjectConfigurationManager - Imported and configured 4 project(s) in 0 sec
2021-04-21 16:52:54,522 [Worker-10: Importing Maven projects] ERROR o.e.m.c.i.p.ProjectConfigurationManager - Project study-domain already exists
2021-04-21 16:52:54,591 [Worker-10: Importing Maven projects] ERROR o.e.m.c.i.p.ProjectConfigurationManager - Project study-common already exists
2021-04-21 16:52:54,593 [Worker-10: Importing Maven projects] ERROR o.e.m.c.i.p.ProjectConfigurationManager - Project study-service already exists
2021-04-21 16:52:54,595 [Worker-10: Importing Maven projects] ERROR o.e.m.c.i.p.ProjectConfigurationManager - Project study-web already exists
2021-04-21 16:52:54,598 [Worker-10: Importing Maven projects] INFO  o.e.m.c.i.p.ProjectConfigurationManager - Imported and configured 4 project(s) in 0 sec
2021-04-21 16:53:36,499 [Worker-0: Importing Maven projects] ERROR o.e.m.c.i.p.ProjectConfigurationManager - Project study-domain already exists
2021-04-21 16:53:36,504 [Worker-0: Importing Maven projects] ERROR o.e.m.c.i.p.ProjectConfigurationManager - Project study-common already exists
2021-04-21 16:53:36,506 [Worker-0: Importing Maven projects] ERROR o.e.m.c.i.p.ProjectConfigurationManager - Project study-service already exists
2021-04-21 16:53:36,512 [Worker-0: Importing Maven projects] ERROR o.e.m.c.i.p.ProjectConfigurationManager - Project study-web already exists
2021-04-21 16:53:36,514 [Worker-0: Importing Maven projects] INFO  o.e.m.c.i.p.ProjectConfigurationManager - Imported and configured 4 project(s) in 0 sec
2021-04-21 16:54:02,586 [Worker-2: reload maven project] ERROR o.e.m2e.editor.pom.MavenPomEditor - failed to load maven project for org.eclipse.ui.part.FileEditorInput(/LanguageStudy/pom.xml)
org.eclipse.core.runtime.CoreException: Could not read maven project
	at org.eclipse.m2e.core.internal.project.registry.ProjectRegistryManager.readProjectWithDependencies(ProjectRegistryManager.java:850)
	at org.eclipse.m2e.core.internal.project.registry.ProjectRegistryManager.lambda$22(ProjectRegistryManager.java:1069)
	at com.google.common.cache.LocalCache$LocalManualCache$1.load(LocalCache.java:4878)
	at com.google.common.cache.LocalCache$LoadingValueReference.loadFuture(LocalCache.java:3529)
	at com.google.common.cache.LocalCache$Segment.loadSync(LocalCache.java:2278)
	at com.google.common.cache.LocalCache$Segment.lockedGetOrLoad(LocalCache.java:2155)
	at com.google.common.cache.LocalCache$Segment.get(LocalCache.java:2045)
	at com.google.common.cache.LocalCache.get(LocalCache.java:3953)
	at com.google.common.cache.LocalCache$LocalManualCache.get(LocalCache.java:4873)
	at org.eclipse.m2e.core.internal.project.registry.ProjectRegistryManager.getMavenProject(ProjectRegistryManager.java:1068)
	at org.eclipse.m2e.core.internal.project.registry.MavenProjectFacade.getMavenProject(MavenProjectFacade.java:243)
	at org.eclipse.m2e.core.ui.internal.actions.SelectionUtil.getMavenProject(SelectionUtil.java:261)
	at org.eclipse.m2e.editor.pom.MavenPomEditor.readMavenProject(MavenPomEditor.java:634)
	at org.eclipse.m2e.editor.pom.MavenPomEditor$3.run(MavenPomEditor.java:938)
	at org.eclipse.core.internal.jobs.Worker.run(Worker.java:63)
2021-04-26 16:19:58,564 [Worker-2: Loading available Gradle versions] INFO  o.e.b.c.i.u.g.PublishedGradleVersions - Gradle version information cache is up-to-date. Trying to read.
